0 info it worked if it ends with ok
1 verbose cli [ 'D:\\123\\node.exe',
1 verbose cli   'D:\\123\\node_modules\\npm\\bin\\npm-cli.js',
1 verbose cli   'start' ]
2 info using npm@3.10.10
3 info using node@v6.10.0
4 verbose run-script [ 'prestart', 'start', 'poststart' ]
5 info lifecycle kungfu-club@1.0.0~prestart: kungfu-club@1.0.0
6 verbose lifecycle kungfu-club@1.0.0~prestart: unsafe-perm in lifecycle true
7 verbose lifecycle kungfu-club@1.0.0~prestart: PATH: D:\123\node_modules\npm\bin\node-gyp-bin;C:\Users\ThinkPad-pc\Desktop\456\615\PROJECT2\kongfu1\kungfu-club\node_modules\.bin;C:/Windows/System32;C:\Program Files\Java\jdk1.8.0_121/bin;C:\Program Files\Java\jdk1.8.0_121/jre/bin;C:\Program Files\Git\cmd;C:\Program Files\MongoDB\Server\3.4\bin;D:\Mysql\mysql-5.6.35-winx64\bin;C:\Program Files\PuTTY\;D:\Mysql\mysql-5.6.35-winx64\bin;D:\123\;C:\Users\ThinkPad-pc\Anaconda3;C:\Users\ThinkPad-pc\Anaconda3\Scripts;C:\Users\ThinkPad-pc\Anaconda3\Library\bin;C:\Users\ThinkPad-pc\AppData\Roaming\npm
8 verbose lifecycle kungfu-club@1.0.0~prestart: CWD: C:\Users\ThinkPad-pc\Desktop\456\615\PROJECT2\kongfu1\kungfu-club
9 silly lifecycle kungfu-club@1.0.0~prestart: Args: [ '/d /s /c', 'npm install' ]
10 silly lifecycle kungfu-club@1.0.0~prestart: Returned: code: 0  signal: null
11 info lifecycle kungfu-club@1.0.0~start: kungfu-club@1.0.0
12 verbose lifecycle kungfu-club@1.0.0~start: unsafe-perm in lifecycle true
13 verbose lifecycle kungfu-club@1.0.0~start: PATH: D:\123\node_modules\npm\bin\node-gyp-bin;C:\Users\ThinkPad-pc\Desktop\456\615\PROJECT2\kongfu1\kungfu-club\node_modules\.bin;C:/Windows/System32;C:\Program Files\Java\jdk1.8.0_121/bin;C:\Program Files\Java\jdk1.8.0_121/jre/bin;C:\Program Files\Git\cmd;C:\Program Files\MongoDB\Server\3.4\bin;D:\Mysql\mysql-5.6.35-winx64\bin;C:\Program Files\PuTTY\;D:\Mysql\mysql-5.6.35-winx64\bin;D:\123\;C:\Users\ThinkPad-pc\Anaconda3;C:\Users\ThinkPad-pc\Anaconda3\Scripts;C:\Users\ThinkPad-pc\Anaconda3\Library\bin;C:\Users\ThinkPad-pc\AppData\Roaming\npm
14 verbose lifecycle kungfu-club@1.0.0~start: CWD: C:\Users\ThinkPad-pc\Desktop\456\615\PROJECT2\kongfu1\kungfu-club
15 silly lifecycle kungfu-club@1.0.0~start: Args: [ '/d /s /c', 'nodemon ./bin/www' ]
16 verbose stack Error: kill ENOSYS
16 verbose stack     at exports._errnoException (util.js:1022:11)
16 verbose stack     at process.kill (internal/process.js:172:13)
16 verbose stack     at process.listener (D:\123\node_modules\npm\node_modules\npmlog\node_modules\gauge\node_modules\signal-exit\index.js:86:15)
16 verbose stack     at emitNone (events.js:91:20)
16 verbose stack     at process.emit (events.js:185:7)
16 verbose stack     at processEmit (D:\123\node_modules\npm\node_modules\npmlog\node_modules\gauge\node_modules\signal-exit\index.js:146:32)
16 verbose stack     at processEmit (D:\123\node_modules\npm\node_modules\npm-registry-client\node_modules\npmlog\node_modules\gauge\node_modules\signal-exit\index.js:146:32)
16 verbose stack     at Signal.wrap.onsignal (internal/process.js:199:44)
17 verbose cwd C:\Users\ThinkPad-pc\Desktop\456\615\PROJECT2\kongfu1\kungfu-club
18 error Windows_NT 6.1.7601
19 error argv "D:\\123\\node.exe" "D:\\123\\node_modules\\npm\\bin\\npm-cli.js" "start"
20 error node v6.10.0
21 error npm  v3.10.10
22 error code ENOSYS
23 error errno ENOSYS
24 error syscall kill
25 error kill ENOSYS
26 error If you need help, you may report this error at:
26 error     <https://github.com/npm/npm/issues>
27 verbose exit [ 1, true ]
